<?xml version="1.0" encoding="UTF-8"?>
<!-- Generated by org.testng.reporters.JUnitXMLReporter -->
<testsuite ignored="0" hostname="DESKTOP-SDJM71R" failures="1" tests="3" name="chromeTest" time="23.71" errors="0" timestamp="2025-02-12T19:34:10 GMT+06:00">
  <testcase classname="day20.ParamTests" name="testLogo" time="0.854">
    <failure type="java.lang.AssertionError" message="expected [true] but found [false]">
      <![CDATA[java.lang.AssertionError: expected [true] but found [false]
at day20.ParamTests.testLogo(ParamTests.java:40)
at java.base/java.util.ArrayList.forEach(ArrayList.java:1597)
at java.base/java.util.concurrent.FutureTask.run(FutureTask.java:317)
at java.base/java.util.concurrent.ThreadPoolExecutor.runWorker(ThreadPoolExecutor.java:1144)
at java.base/java.util.concurrent.ThreadPoolExecutor$Worker.run(ThreadPoolExecutor.java:642)
at java.base/java.lang.Thread.run(Thread.java:1575)
... Removed 22 stack frames]]>
    </failure>
  </testcase> <!-- testLogo -->
  <testcase classname="day20.ParamTests" name="testTitle" time="0.02"/>
  <testcase classname="day20.ParamTests" name="testURL" time="0.023"/>
</testsuite> <!-- chromeTest -->
